2025-09-02 15:18:40,403 INFO org.springframework.boot.StartupInfoLogger [main] Starting SimpleSpringMock using Java 17.0.0.1 on NB36-464 with PID 20184 (C:\Users\iavgustin\JR\SimpleSpringMock\target\classes started by iavgustin in C:\Users\iavgustin\JR\SimpleSpringMock)
2025-09-02 15:18:40,414 INFO org.springframework.boot.SpringApplication [main] No active profile set, falling back to 1 default profile: "default"
2025-09-02 15:18:41,733 INFO org.springframework.boot.web.embedded.tomcat.TomcatWebServer [main] Tomcat initialized with port(s): 12222 (http)
2025-09-02 15:18:41,907 INFO org.apache.juli.logging.DirectJDKLog [main] Initializing ProtocolHandler ["http-nio-12222"]
2025-09-02 15:18:41,918 INFO org.apache.juli.logging.DirectJDKLog [main] Starting service [Tomcat]
2025-09-02 15:18:41,921 INFO org.apache.juli.logging.DirectJDKLog [main] Starting Servlet engine: [Apache Tomcat/9.0.63]
2025-09-02 15:18:42,077 INFO org.apache.juli.logging.DirectJDKLog [main] Initializing Spring embedded WebApplicationContext
2025-09-02 15:18:42,077 INFO org.springframework.boot.web.servlet.context.ServletWebServerApplicationContext [main] Root WebApplicationContext: initialization completed in 1594 ms
2025-09-02 15:18:43,018 INFO org.springframework.boot.actuate.endpoint.web.EndpointLinksResolver [main] Exposing 3 endpoint(s) beneath base path '/actuator'
2025-09-02 15:18:43,047 INFO org.apache.juli.logging.DirectJDKLog [main] Starting ProtocolHandler ["http-nio-12222"]
2025-09-02 15:18:43,076 INFO org.springframework.boot.web.embedded.tomcat.TomcatWebServer [main] Tomcat started on port(s): 12222 (http) with context path ''
2025-09-02 15:18:43,089 INFO org.springframework.boot.StartupInfoLogger [main] Started SimpleSpringMock in 3.249 seconds (JVM running for 3.731)
2025-09-02 15:22:13,126 INFO org.apache.juli.logging.DirectJDKLog [http-nio-12222-exec-1] Initializing Spring DispatcherServlet 'dispatcherServlet'
2025-09-02 15:22:13,126 INFO org.springframework.web.servlet.FrameworkServlet [http-nio-12222-exec-1] Initializing Servlet 'dispatcherServlet'
2025-09-02 15:22:13,127 INFO org.springframework.web.servlet.FrameworkServlet [http-nio-12222-exec-1] Completed initialization in 1 ms
2025-09-02 15:22:13,157 WARN org.springframework.web.servlet.handler.AbstractHandlerExceptionResolver [http-nio-12222-exec-1] Resolved [org.springframework.web.HttpRequestMethodNotSupportedException: Request method 'POST' not supported]
2025-09-02 15:23:52,065 WARN org.springframework.web.servlet.handler.AbstractHandlerExceptionResolver [http-nio-12222-exec-5] Resolved [org.springframework.web.HttpRequestMethodNotSupportedException: Request method 'POST' not supported]
2025-09-02 15:23:56,615 WARN org.springframework.web.servlet.handler.AbstractHandlerExceptionResolver [http-nio-12222-exec-12] Resolved [org.springframework.web.HttpRequestMethodNotSupportedException: Request method 'POST' not supported]
2025-09-02 15:24:29,539 WARN org.springframework.web.servlet.handler.AbstractHandlerExceptionResolver [http-nio-12222-exec-3] Resolved [org.springframework.web.HttpRequestMethodNotSupportedException: Request method 'POST' not supported]
2025-09-02 15:38:43,106 WARN org.springframework.web.servlet.handler.AbstractHandlerExceptionResolver [http-nio-12222-exec-20] Resolved [org.springframework.web.HttpRequestMethodNotSupportedException: Request method 'GET' not supported]
2025-09-02 15:38:49,430 WARN org.springframework.web.servlet.handler.AbstractHandlerExceptionResolver [http-nio-12222-exec-18] Resolved [org.springframework.web.HttpMediaTypeNotSupportedException: Content type 'text/plain;charset=UTF-8' not supported]
2025-09-02 15:40:45,880 WARN org.springframework.web.servlet.handler.AbstractHandlerExceptionResolver [http-nio-12222-exec-1] Resolved [org.springframework.web.HttpRequestMethodNotSupportedException: Request method 'GET' not supported]
2025-09-02 15:41:40,822 WARN org.springframework.web.servlet.handler.AbstractHandlerExceptionResolver [http-nio-12222-exec-4] Resolved [org.springframework.web.HttpMediaTypeNotSupportedException: Content type 'text/plain;charset=UTF-8' not supported]
2025-09-02 15:52:46,184 WARN org.springframework.web.servlet.handler.AbstractHandlerExceptionResolver [http-nio-12222-exec-14] Resolved [org.springframework.web.HttpMediaTypeNotSupportedException: Content type 'text/plain;charset=UTF-8' not supported]
2025-09-02 15:59:35,498 WARN org.springframework.web.servlet.handler.AbstractHandlerExceptionResolver [http-nio-12222-exec-12] Resolved [org.springframework.http.converter.HttpMessageNotReadableException: Required request body is missing: public java.lang.String SimpleSpringMock.controllers.ExampleController.examplePostXML(java.lang.String) throws java.lang.InterruptedException]
2025-09-02 15:59:41,281 WARN org.springframework.web.servlet.handler.AbstractHandlerExceptionResolver [http-nio-12222-exec-8] Resolved [org.springframework.http.converter.HttpMessageNotReadableException: Required request body is missing: public java.lang.String SimpleSpringMock.controllers.ExampleController.examplePostXML(java.lang.String) throws java.lang.InterruptedException]
2025-09-02 16:00:05,779 WARN org.springframework.web.servlet.handler.AbstractHandlerExceptionResolver [http-nio-12222-exec-15] Resolved [org.springframework.http.converter.HttpMessageNotReadableException: JSON parse error: Unexpected character ('}' (code 125)): was expecting double-quote to start field name; nested exception is com.fasterxml.jackson.core.JsonParseException: Unexpected character ('}' (code 125)): was expecting double-quote to start field name<EOL> at [Source: (org.springframework.util.StreamUtils$NonClosingInputStream); line: 5, column: 2]]
2025-09-02 16:00:27,636 WARN org.springframework.web.servlet.handler.AbstractHandlerExceptionResolver [http-nio-12222-exec-9] Resolved [org.springframework.http.converter.HttpMessageNotReadableException: Required request body is missing: public java.lang.Object SimpleSpringMock.controllers.ExampleController.examplePostJSON(SimpleSpringMock.features.SimpleJSONMapping) throws java.lang.InterruptedException]
2025-09-02 16:50:34,028 INFO org.springframework.boot.StartupInfoLogger [main] Starting SimpleSpringMock using Java 17.0.0.1 on NB36-464 with PID 5844 (C:\Users\iavgustin\JR\SimpleSpringMock\target\classes started by iavgustin in C:\Users\iavgustin\JR\SimpleSpringMock)
2025-09-02 16:50:34,035 INFO org.springframework.boot.SpringApplication [main] No active profile set, falling back to 1 default profile: "default"
2025-09-02 16:50:35,193 INFO org.springframework.boot.web.embedded.tomcat.TomcatWebServer [main] Tomcat initialized with port(s): 12222 (http)
2025-09-02 16:50:35,376 INFO org.apache.juli.logging.DirectJDKLog [main] Initializing ProtocolHandler ["http-nio-12222"]
2025-09-02 16:50:35,394 INFO org.apache.juli.logging.DirectJDKLog [main] Starting service [Tomcat]
2025-09-02 16:50:35,397 INFO org.apache.juli.logging.DirectJDKLog [main] Starting Servlet engine: [Apache Tomcat/9.0.63]
2025-09-02 16:50:35,559 INFO org.apache.juli.logging.DirectJDKLog [main] Initializing Spring embedded WebApplicationContext
2025-09-02 16:50:35,560 INFO org.springframework.boot.web.servlet.context.ServletWebServerApplicationContext [main] Root WebApplicationContext: initialization completed in 1461 ms
2025-09-02 16:50:36,503 INFO org.springframework.boot.actuate.endpoint.web.EndpointLinksResolver [main] Exposing 3 endpoint(s) beneath base path '/actuator'
2025-09-02 16:50:36,538 INFO org.apache.juli.logging.DirectJDKLog [main] Starting ProtocolHandler ["http-nio-12222"]
2025-09-02 16:50:36,562 INFO org.springframework.boot.web.embedded.tomcat.TomcatWebServer [main] Tomcat started on port(s): 12222 (http) with context path ''
2025-09-02 16:50:36,575 INFO org.springframework.boot.StartupInfoLogger [main] Started SimpleSpringMock in 2.97 seconds (JVM running for 3.247)
2025-09-02 16:51:16,773 INFO org.apache.juli.logging.DirectJDKLog [http-nio-12222-exec-2] Initializing Spring DispatcherServlet 'dispatcherServlet'
2025-09-02 16:51:16,773 INFO org.springframework.web.servlet.FrameworkServlet [http-nio-12222-exec-2] Initializing Servlet 'dispatcherServlet'
2025-09-02 16:51:16,774 INFO org.springframework.web.servlet.FrameworkServlet [http-nio-12222-exec-2] Completed initialization in 1 ms
2025-09-02 16:57:30,958 WARN org.springframework.web.servlet.handler.AbstractHandlerExceptionResolver [http-nio-12222-exec-16] Resolved [org.springframework.http.converter.HttpMessageNotReadableException: Required request body is missing: public java.lang.Object SimpleSpringMock.controllers.ExampleController.examplePostJSON(SimpleSpringMock.features.SimpleJSONMapping) throws java.lang.InterruptedException]
2025-09-02 16:57:39,729 WARN org.springframework.web.servlet.handler.AbstractHandlerExceptionResolver [http-nio-12222-exec-18] Resolved [org.springframework.http.converter.HttpMessageNotReadableException: Required request body is missing: public java.lang.Object SimpleSpringMock.controllers.ExampleController.examplePostJSON(SimpleSpringMock.features.SimpleJSONMapping) throws java.lang.InterruptedException]
2025-09-02 17:02:03,272 INFO org.springframework.boot.StartupInfoLogger [main] Starting SimpleSpringMock using Java 17.0.0.1 on NB36-464 with PID 3576 (C:\Users\iavgustin\JR\SimpleSpringMock\target\classes started by iavgustin in C:\Users\iavgustin\JR\SimpleSpringMock)
2025-09-02 17:02:03,278 INFO org.springframework.boot.SpringApplication [main] No active profile set, falling back to 1 default profile: "default"
2025-09-02 17:02:04,427 INFO org.springframework.boot.web.embedded.tomcat.TomcatWebServer [main] Tomcat initialized with port(s): 12222 (http)
2025-09-02 17:02:04,612 INFO org.apache.juli.logging.DirectJDKLog [main] Initializing ProtocolHandler ["http-nio-12222"]
2025-09-02 17:02:04,627 INFO org.apache.juli.logging.DirectJDKLog [main] Starting service [Tomcat]
2025-09-02 17:02:04,628 INFO org.apache.juli.logging.DirectJDKLog [main] Starting Servlet engine: [Apache Tomcat/9.0.63]
2025-09-02 17:02:04,770 INFO org.apache.juli.logging.DirectJDKLog [main] Initializing Spring embedded WebApplicationContext
2025-09-02 17:02:04,770 INFO org.springframework.boot.web.servlet.context.ServletWebServerApplicationContext [main] Root WebApplicationContext: initialization completed in 1438 ms
2025-09-02 17:02:05,609 INFO org.springframework.boot.actuate.endpoint.web.EndpointLinksResolver [main] Exposing 3 endpoint(s) beneath base path '/actuator'
2025-09-02 17:02:05,635 INFO org.apache.juli.logging.DirectJDKLog [main] Starting ProtocolHandler ["http-nio-12222"]
2025-09-02 17:02:05,662 INFO org.springframework.boot.web.embedded.tomcat.TomcatWebServer [main] Tomcat started on port(s): 12222 (http) with context path ''
2025-09-02 17:02:05,675 INFO org.springframework.boot.StartupInfoLogger [main] Started SimpleSpringMock in 2.8 seconds (JVM running for 3.039)
2025-09-02 17:02:17,744 INFO org.apache.juli.logging.DirectJDKLog [http-nio-12222-exec-2] Initializing Spring DispatcherServlet 'dispatcherServlet'
2025-09-02 17:02:17,744 INFO org.springframework.web.servlet.FrameworkServlet [http-nio-12222-exec-2] Initializing Servlet 'dispatcherServlet'
2025-09-02 17:02:17,745 INFO org.springframework.web.servlet.FrameworkServlet [http-nio-12222-exec-2] Completed initialization in 1 ms
2025-09-02 17:39:13,611 INFO org.springframework.boot.StartupInfoLogger [main] Starting SimpleSpringMock using Java 17.0.0.1 on NB36-464 with PID 13940 (C:\Users\iavgustin\JR\SimpleSpringMock\target\classes started by iavgustin in C:\Users\iavgustin\JR\SimpleSpringMock)
2025-09-02 17:39:13,617 INFO org.springframework.boot.SpringApplication [main] No active profile set, falling back to 1 default profile: "default"
2025-09-02 17:39:14,635 INFO org.springframework.boot.web.embedded.tomcat.TomcatWebServer [main] Tomcat initialized with port(s): 12222 (http)
2025-09-02 17:39:14,779 INFO org.apache.juli.logging.DirectJDKLog [main] Initializing ProtocolHandler ["http-nio-12222"]
2025-09-02 17:39:14,791 INFO org.apache.juli.logging.DirectJDKLog [main] Starting service [Tomcat]
2025-09-02 17:39:14,793 INFO org.apache.juli.logging.DirectJDKLog [main] Starting Servlet engine: [Apache Tomcat/9.0.63]
2025-09-02 17:39:14,915 INFO org.apache.juli.logging.DirectJDKLog [main] Initializing Spring embedded WebApplicationContext
2025-09-02 17:39:14,916 INFO org.springframework.boot.web.servlet.context.ServletWebServerApplicationContext [main] Root WebApplicationContext: initialization completed in 1247 ms
2025-09-02 17:39:15,782 INFO org.springframework.boot.actuate.endpoint.web.EndpointLinksResolver [main] Exposing 3 endpoint(s) beneath base path '/actuator'
2025-09-02 17:39:15,805 INFO org.apache.juli.logging.DirectJDKLog [main] Starting ProtocolHandler ["http-nio-12222"]
2025-09-02 17:39:15,826 INFO org.springframework.boot.web.embedded.tomcat.TomcatWebServer [main] Tomcat started on port(s): 12222 (http) with context path ''
2025-09-02 17:39:15,841 INFO org.springframework.boot.StartupInfoLogger [main] Started SimpleSpringMock in 2.608 seconds (JVM running for 2.837)
2025-09-02 17:39:22,279 INFO org.apache.juli.logging.DirectJDKLog [http-nio-12222-exec-1] Initializing Spring DispatcherServlet 'dispatcherServlet'
2025-09-02 17:39:22,279 INFO org.springframework.web.servlet.FrameworkServlet [http-nio-12222-exec-1] Initializing Servlet 'dispatcherServlet'
2025-09-02 17:39:22,280 INFO org.springframework.web.servlet.FrameworkServlet [http-nio-12222-exec-1] Completed initialization in 1 ms
2025-09-02 17:47:30,395 INFO org.springframework.boot.StartupInfoLogger [main] Starting SimpleSpringMock using Java 17.0.0.1 on NB36-464 with PID 16912 (C:\Users\iavgustin\JR\SimpleSpringMock\target\classes started by iavgustin in C:\Users\iavgustin\JR\SimpleSpringMock)
2025-09-02 17:47:30,401 INFO org.springframework.boot.SpringApplication [main] No active profile set, falling back to 1 default profile: "default"
2025-09-02 17:47:31,438 INFO org.springframework.boot.web.embedded.tomcat.TomcatWebServer [main] Tomcat initialized with port(s): 12222 (http)
2025-09-02 17:47:31,586 INFO org.apache.juli.logging.DirectJDKLog [main] Initializing ProtocolHandler ["http-nio-12222"]
2025-09-02 17:47:31,605 INFO org.apache.juli.logging.DirectJDKLog [main] Starting service [Tomcat]
2025-09-02 17:47:31,606 INFO org.apache.juli.logging.DirectJDKLog [main] Starting Servlet engine: [Apache Tomcat/9.0.63]
2025-09-02 17:47:31,732 INFO org.apache.juli.logging.DirectJDKLog [main] Initializing Spring embedded WebApplicationContext
2025-09-02 17:47:31,732 INFO org.springframework.boot.web.servlet.context.ServletWebServerApplicationContext [main] Root WebApplicationContext: initialization completed in 1281 ms
2025-09-02 17:47:32,576 INFO org.springframework.boot.actuate.endpoint.web.EndpointLinksResolver [main] Exposing 3 endpoint(s) beneath base path '/actuator'
2025-09-02 17:47:32,603 INFO org.apache.juli.logging.DirectJDKLog [main] Starting ProtocolHandler ["http-nio-12222"]
2025-09-02 17:47:32,626 INFO org.springframework.boot.web.embedded.tomcat.TomcatWebServer [main] Tomcat started on port(s): 12222 (http) with context path ''
2025-09-02 17:47:32,641 INFO org.springframework.boot.StartupInfoLogger [main] Started SimpleSpringMock in 2.625 seconds (JVM running for 2.864)
2025-09-02 17:48:04,546 INFO org.apache.juli.logging.DirectJDKLog [http-nio-12222-exec-1] Initializing Spring DispatcherServlet 'dispatcherServlet'
2025-09-02 17:48:04,546 INFO org.springframework.web.servlet.FrameworkServlet [http-nio-12222-exec-1] Initializing Servlet 'dispatcherServlet'
2025-09-02 17:48:04,548 INFO org.springframework.web.servlet.FrameworkServlet [http-nio-12222-exec-1] Completed initialization in 1 ms
2025-09-02 17:49:13,066 INFO org.springframework.boot.StartupInfoLogger [main] Starting SimpleSpringMock using Java 17.0.0.1 on NB36-464 with PID 15388 (C:\Users\iavgustin\JR\SimpleSpringMock\target\classes started by iavgustin in C:\Users\iavgustin\JR\SimpleSpringMock)
2025-09-02 17:49:13,072 INFO org.springframework.boot.SpringApplication [main] No active profile set, falling back to 1 default profile: "default"
2025-09-02 17:49:14,081 INFO org.springframework.boot.web.embedded.tomcat.TomcatWebServer [main] Tomcat initialized with port(s): 12222 (http)
2025-09-02 17:49:14,233 INFO org.apache.juli.logging.DirectJDKLog [main] Initializing ProtocolHandler ["http-nio-12222"]
2025-09-02 17:49:14,243 INFO org.apache.juli.logging.DirectJDKLog [main] Starting service [Tomcat]
2025-09-02 17:49:14,244 INFO org.apache.juli.logging.DirectJDKLog [main] Starting Servlet engine: [Apache Tomcat/9.0.63]
2025-09-02 17:49:14,382 INFO org.apache.juli.logging.DirectJDKLog [main] Initializing Spring embedded WebApplicationContext
2025-09-02 17:49:14,382 INFO org.springframework.boot.web.servlet.context.ServletWebServerApplicationContext [main] Root WebApplicationContext: initialization completed in 1257 ms
2025-09-02 17:49:15,257 INFO org.springframework.boot.actuate.endpoint.web.EndpointLinksResolver [main] Exposing 3 endpoint(s) beneath base path '/actuator'
2025-09-02 17:49:15,286 INFO org.apache.juli.logging.DirectJDKLog [main] Starting ProtocolHandler ["http-nio-12222"]
2025-09-02 17:49:15,309 INFO org.springframework.boot.web.embedded.tomcat.TomcatWebServer [main] Tomcat started on port(s): 12222 (http) with context path ''
2025-09-02 17:49:15,324 INFO org.springframework.boot.StartupInfoLogger [main] Started SimpleSpringMock in 2.639 seconds (JVM running for 2.871)
2025-09-02 17:49:19,304 INFO org.apache.juli.logging.DirectJDKLog [http-nio-12222-exec-4] Initializing Spring DispatcherServlet 'dispatcherServlet'
2025-09-02 17:49:19,305 INFO org.springframework.web.servlet.FrameworkServlet [http-nio-12222-exec-4] Initializing Servlet 'dispatcherServlet'
2025-09-02 17:49:19,306 INFO org.springframework.web.servlet.FrameworkServlet [http-nio-12222-exec-4] Completed initialization in 1 ms
2025-09-02 17:50:54,571 INFO org.springframework.boot.StartupInfoLogger [main] Starting SimpleSpringMock using Java 17.0.0.1 on NB36-464 with PID 1564 (C:\Users\iavgustin\JR\SimpleSpringMock\target\classes started by iavgustin in C:\Users\iavgustin\JR\SimpleSpringMock)
2025-09-02 17:50:54,576 INFO org.springframework.boot.SpringApplication [main] No active profile set, falling back to 1 default profile: "default"
2025-09-02 17:50:55,591 INFO org.springframework.boot.web.embedded.tomcat.TomcatWebServer [main] Tomcat initialized with port(s): 12222 (http)
2025-09-02 17:50:55,742 INFO org.apache.juli.logging.DirectJDKLog [main] Initializing ProtocolHandler ["http-nio-12222"]
2025-09-02 17:50:55,752 INFO org.apache.juli.logging.DirectJDKLog [main] Starting service [Tomcat]
2025-09-02 17:50:55,753 INFO org.apache.juli.logging.DirectJDKLog [main] Starting Servlet engine: [Apache Tomcat/9.0.63]
2025-09-02 17:50:55,885 INFO org.apache.juli.logging.DirectJDKLog [main] Initializing Spring embedded WebApplicationContext
2025-09-02 17:50:55,886 INFO org.springframework.boot.web.servlet.context.ServletWebServerApplicationContext [main] Root WebApplicationContext: initialization completed in 1262 ms
2025-09-02 17:50:56,756 INFO org.springframework.boot.actuate.endpoint.web.EndpointLinksResolver [main] Exposing 3 endpoint(s) beneath base path '/actuator'
2025-09-02 17:50:56,790 INFO org.apache.juli.logging.DirectJDKLog [main] Starting ProtocolHandler ["http-nio-12222"]
2025-09-02 17:50:56,814 INFO org.springframework.boot.web.embedded.tomcat.TomcatWebServer [main] Tomcat started on port(s): 12222 (http) with context path ''
2025-09-02 17:50:56,829 INFO org.springframework.boot.StartupInfoLogger [main] Started SimpleSpringMock in 2.638 seconds (JVM running for 2.86)
2025-09-02 17:51:01,195 INFO org.apache.juli.logging.DirectJDKLog [http-nio-12222-exec-2] Initializing Spring DispatcherServlet 'dispatcherServlet'
2025-09-02 17:51:01,195 INFO org.springframework.web.servlet.FrameworkServlet [http-nio-12222-exec-2] Initializing Servlet 'dispatcherServlet'
2025-09-02 17:51:01,197 INFO org.springframework.web.servlet.FrameworkServlet [http-nio-12222-exec-2] Completed initialization in 2 ms
2025-09-02 18:15:49,778 INFO org.springframework.boot.StartupInfoLogger [main] Starting SimpleSpringMock using Java 17.0.0.1 on NB36-464 with PID 7720 (C:\Users\iavgustin\JR\SimpleSpringMock\target\classes started by iavgustin in C:\Users\iavgustin\JR\SimpleSpringMock)
2025-09-02 18:15:49,787 INFO org.springframework.boot.SpringApplication [main] No active profile set, falling back to 1 default profile: "default"
2025-09-02 18:15:50,996 INFO org.springframework.boot.web.embedded.tomcat.TomcatWebServer [main] Tomcat initialized with port(s): 12222 (http)
2025-09-02 18:15:51,231 INFO org.apache.juli.logging.DirectJDKLog [main] Initializing ProtocolHandler ["http-nio-12222"]
2025-09-02 18:15:51,243 INFO org.apache.juli.logging.DirectJDKLog [main] Starting service [Tomcat]
2025-09-02 18:15:51,244 INFO org.apache.juli.logging.DirectJDKLog [main] Starting Servlet engine: [Apache Tomcat/9.0.63]
2025-09-02 18:15:51,361 INFO org.apache.juli.logging.DirectJDKLog [main] Initializing Spring embedded WebApplicationContext
2025-09-02 18:15:51,361 INFO org.springframework.boot.web.servlet.context.ServletWebServerApplicationContext [main] Root WebApplicationContext: initialization completed in 1510 ms
2025-09-02 18:15:52,294 INFO org.springframework.boot.actuate.endpoint.web.EndpointLinksResolver [main] Exposing 3 endpoint(s) beneath base path '/actuator'
2025-09-02 18:15:52,327 INFO org.apache.juli.logging.DirectJDKLog [main] Starting ProtocolHandler ["http-nio-12222"]
2025-09-02 18:15:52,349 INFO org.springframework.boot.web.embedded.tomcat.TomcatWebServer [main] Tomcat started on port(s): 12222 (http) with context path ''
2025-09-02 18:15:52,359 INFO org.springframework.boot.StartupInfoLogger [main] Started SimpleSpringMock in 3.038 seconds (JVM running for 3.316)
2025-09-02 18:16:05,162 INFO org.apache.juli.logging.DirectJDKLog [http-nio-12222-exec-1] Initializing Spring DispatcherServlet 'dispatcherServlet'
2025-09-02 18:16:05,162 INFO org.springframework.web.servlet.FrameworkServlet [http-nio-12222-exec-1] Initializing Servlet 'dispatcherServlet'
2025-09-02 18:16:05,162 INFO org.springframework.web.servlet.FrameworkServlet [http-nio-12222-exec-1] Completed initialization in 0 ms
