2025-06-26 09:16:04,022 INFO org.springframework.boot.StartupInfoLogger [main] Starting SimpleSpringMock using Java 17.0.0.1 on NB36-464 with PID 3588 (C:\Users\iavgustin\JR\SimpleSpringMock\target\classes started by iavgustin in C:\Users\iavgustin\JR\SimpleSpringMock)
2025-06-26 09:16:04,032 INFO org.springframework.boot.SpringApplication [main] No active profile set, falling back to 1 default profile: "default"
2025-06-26 09:16:05,217 INFO org.springframework.boot.web.embedded.tomcat.TomcatWebServer [main] Tomcat initialized with port(s): 12222 (http)
2025-06-26 09:16:05,228 INFO org.apache.juli.logging.DirectJDKLog [main] Initializing ProtocolHandler ["http-nio-12222"]
2025-06-26 09:16:05,228 INFO org.apache.juli.logging.DirectJDKLog [main] Starting service [Tomcat]
2025-06-26 09:16:05,229 INFO org.apache.juli.logging.DirectJDKLog [main] Starting Servlet engine: [Apache Tomcat/9.0.63]
2025-06-26 09:16:05,341 INFO org.apache.juli.logging.DirectJDKLog [main] Initializing Spring embedded WebApplicationContext
2025-06-26 09:16:05,341 INFO org.springframework.boot.web.servlet.context.ServletWebServerApplicationContext [main] Root WebApplicationContext: initialization completed in 1256 ms
2025-06-26 09:16:06,244 INFO org.springframework.boot.actuate.endpoint.web.EndpointLinksResolver [main] Exposing 4 endpoint(s) beneath base path '/actuator'
2025-06-26 09:16:06,277 INFO org.apache.juli.logging.DirectJDKLog [main] Starting ProtocolHandler ["http-nio-12222"]
2025-06-26 09:16:06,283 WARN org.springframework.context.support.AbstractApplicationContext [main] Exception encountered during context initialization - cancelling refresh attempt: org.springframework.context.ApplicationContextException: Failed to start bean 'webServerStartStop'; nested exception is org.springframework.boot.web.server.PortInUseException: Port 12222 is already in use
2025-06-26 09:16:06,292 INFO org.apache.juli.logging.DirectJDKLog [main] Pausing ProtocolHandler ["http-nio-12222"]
2025-06-26 09:16:06,293 INFO org.apache.juli.logging.DirectJDKLog [main] Stopping service [Tomcat]
2025-06-26 09:16:06,304 INFO org.apache.juli.logging.DirectJDKLog [main] Stopping ProtocolHandler ["http-nio-12222"]
2025-06-26 09:16:06,306 INFO org.apache.juli.logging.DirectJDKLog [main] Destroying ProtocolHandler ["http-nio-12222"]
2025-06-26 09:16:06,318 INFO org.springframework.boot.autoconfigure.logging.ConditionEvaluationReportLoggingListener [main] 

Error starting ApplicationContext. To display the conditions report re-run your application with 'debug' enabled.
2025-06-26 09:16:06,355 ERROR org.springframework.boot.diagnostics.LoggingFailureAnalysisReporter [main] 

***************************
APPLICATION FAILED TO START
***************************

Description:

Web server failed to start. Port 12222 was already in use.

Action:

Identify and stop the process that's listening on port 12222 or configure this application to listen on another port.

2025-06-26 09:17:01,284 INFO org.springframework.boot.StartupInfoLogger [main] Starting SimpleSpringMock using Java 17.0.0.1 on NB36-464 with PID 129684 (C:\Users\iavgustin\JR\SimpleSpringMock\target\classes started by iavgustin in C:\Users\iavgustin\JR\SimpleSpringMock)
2025-06-26 09:17:01,289 INFO org.springframework.boot.SpringApplication [main] No active profile set, falling back to 1 default profile: "default"
2025-06-26 09:17:02,320 INFO org.springframework.boot.web.embedded.tomcat.TomcatWebServer [main] Tomcat initialized with port(s): 12222 (http)
2025-06-26 09:17:02,329 INFO org.apache.juli.logging.DirectJDKLog [main] Initializing ProtocolHandler ["http-nio-12222"]
2025-06-26 09:17:02,330 INFO org.apache.juli.logging.DirectJDKLog [main] Starting service [Tomcat]
2025-06-26 09:17:02,331 INFO org.apache.juli.logging.DirectJDKLog [main] Starting Servlet engine: [Apache Tomcat/9.0.63]
2025-06-26 09:17:02,415 INFO org.apache.juli.logging.DirectJDKLog [main] Initializing Spring embedded WebApplicationContext
2025-06-26 09:17:02,415 INFO org.springframework.boot.web.servlet.context.ServletWebServerApplicationContext [main] Root WebApplicationContext: initialization completed in 1064 ms
2025-06-26 09:17:03,125 INFO org.springframework.boot.actuate.endpoint.web.EndpointLinksResolver [main] Exposing 4 endpoint(s) beneath base path '/actuator'
2025-06-26 09:17:03,153 INFO org.apache.juli.logging.DirectJDKLog [main] Starting ProtocolHandler ["http-nio-12222"]
2025-06-26 09:17:03,158 WARN org.springframework.context.support.AbstractApplicationContext [main] Exception encountered during context initialization - cancelling refresh attempt: org.springframework.context.ApplicationContextException: Failed to start bean 'webServerStartStop'; nested exception is org.springframework.boot.web.server.PortInUseException: Port 12222 is already in use
2025-06-26 09:17:03,164 INFO org.apache.juli.logging.DirectJDKLog [main] Pausing ProtocolHandler ["http-nio-12222"]
2025-06-26 09:17:03,165 INFO org.apache.juli.logging.DirectJDKLog [main] Stopping service [Tomcat]
2025-06-26 09:17:03,171 INFO org.apache.juli.logging.DirectJDKLog [main] Stopping ProtocolHandler ["http-nio-12222"]
2025-06-26 09:17:03,171 INFO org.apache.juli.logging.DirectJDKLog [main] Destroying ProtocolHandler ["http-nio-12222"]
2025-06-26 09:17:03,180 INFO org.springframework.boot.autoconfigure.logging.ConditionEvaluationReportLoggingListener [main] 

Error starting ApplicationContext. To display the conditions report re-run your application with 'debug' enabled.
2025-06-26 09:17:03,207 ERROR org.springframework.boot.diagnostics.LoggingFailureAnalysisReporter [main] 

***************************
APPLICATION FAILED TO START
***************************

Description:

Web server failed to start. Port 12222 was already in use.

Action:

Identify and stop the process that's listening on port 12222 or configure this application to listen on another port.

2025-06-26 09:18:55,978 INFO org.springframework.boot.StartupInfoLogger [main] Starting SimpleSpringMock using Java 17.0.0.1 on NB36-464 with PID 77220 (C:\Users\iavgustin\JR\SimpleSpringMock\target\classes started by iavgustin in C:\Users\iavgustin\JR\SimpleSpringMock)
2025-06-26 09:18:55,983 INFO org.springframework.boot.SpringApplication [main] No active profile set, falling back to 1 default profile: "default"
2025-06-26 09:18:57,212 INFO org.springframework.boot.web.embedded.tomcat.TomcatWebServer [main] Tomcat initialized with port(s): 12222 (http)
2025-06-26 09:18:57,219 INFO org.apache.juli.logging.DirectJDKLog [main] Initializing ProtocolHandler ["http-nio-12222"]
2025-06-26 09:18:57,220 INFO org.apache.juli.logging.DirectJDKLog [main] Starting service [Tomcat]
2025-06-26 09:18:57,221 INFO org.apache.juli.logging.DirectJDKLog [main] Starting Servlet engine: [Apache Tomcat/9.0.63]
2025-06-26 09:18:57,309 INFO org.apache.juli.logging.DirectJDKLog [main] Initializing Spring embedded WebApplicationContext
2025-06-26 09:18:57,310 INFO org.springframework.boot.web.servlet.context.ServletWebServerApplicationContext [main] Root WebApplicationContext: initialization completed in 1264 ms
2025-06-26 09:18:57,965 INFO org.springframework.boot.actuate.endpoint.web.EndpointLinksResolver [main] Exposing 4 endpoint(s) beneath base path '/actuator'
2025-06-26 09:18:57,993 INFO org.apache.juli.logging.DirectJDKLog [main] Starting ProtocolHandler ["http-nio-12222"]
2025-06-26 09:18:58,019 INFO org.springframework.boot.web.embedded.tomcat.TomcatWebServer [main] Tomcat started on port(s): 12222 (http) with context path ''
2025-06-26 09:18:58,032 INFO org.springframework.boot.StartupInfoLogger [main] Started SimpleSpringMock in 2.501 seconds (JVM running for 2.784)
2025-06-26 09:19:05,091 INFO org.apache.juli.logging.DirectJDKLog [http-nio-12222-exec-1] Initializing Spring DispatcherServlet 'dispatcherServlet'
2025-06-26 09:19:05,092 INFO org.springframework.web.servlet.FrameworkServlet [http-nio-12222-exec-1] Initializing Servlet 'dispatcherServlet'
2025-06-26 09:19:05,093 INFO org.springframework.web.servlet.FrameworkServlet [http-nio-12222-exec-1] Completed initialization in 1 ms
2025-06-26 10:03:58,490 INFO org.springframework.boot.StartupInfoLogger [main] Starting SimpleSpringMock using Java 17.0.0.1 on NB36-464 with PID 58080 (C:\Users\iavgustin\JR\SimpleSpringMock\target\classes started by iavgustin in C:\Users\iavgustin\JR\SimpleSpringMock)
2025-06-26 10:03:58,496 INFO org.springframework.boot.SpringApplication [main] No active profile set, falling back to 1 default profile: "default"
2025-06-26 10:03:59,627 INFO org.springframework.boot.web.embedded.tomcat.TomcatWebServer [main] Tomcat initialized with port(s): 12222 (http)
2025-06-26 10:03:59,633 INFO org.apache.juli.logging.DirectJDKLog [main] Initializing ProtocolHandler ["http-nio-12222"]
2025-06-26 10:03:59,634 INFO org.apache.juli.logging.DirectJDKLog [main] Starting service [Tomcat]
2025-06-26 10:03:59,634 INFO org.apache.juli.logging.DirectJDKLog [main] Starting Servlet engine: [Apache Tomcat/9.0.63]
2025-06-26 10:03:59,708 INFO org.apache.juli.logging.DirectJDKLog [main] Initializing Spring embedded WebApplicationContext
2025-06-26 10:03:59,708 INFO org.springframework.boot.web.servlet.context.ServletWebServerApplicationContext [main] Root WebApplicationContext: initialization completed in 1151 ms
2025-06-26 10:04:00,523 INFO org.springframework.boot.actuate.endpoint.web.EndpointLinksResolver [main] Exposing 4 endpoint(s) beneath base path '/actuator'
2025-06-26 10:04:00,551 INFO org.apache.juli.logging.DirectJDKLog [main] Starting ProtocolHandler ["http-nio-12222"]
2025-06-26 10:04:00,578 INFO org.springframework.boot.web.embedded.tomcat.TomcatWebServer [main] Tomcat started on port(s): 12222 (http) with context path ''
2025-06-26 10:04:00,593 INFO org.springframework.boot.StartupInfoLogger [main] Started SimpleSpringMock in 2.545 seconds (JVM running for 2.853)
2025-06-26 10:04:05,080 INFO org.apache.juli.logging.DirectJDKLog [http-nio-12222-exec-1] Initializing Spring DispatcherServlet 'dispatcherServlet'
2025-06-26 10:04:05,081 INFO org.springframework.web.servlet.FrameworkServlet [http-nio-12222-exec-1] Initializing Servlet 'dispatcherServlet'
2025-06-26 10:04:05,082 INFO org.springframework.web.servlet.FrameworkServlet [http-nio-12222-exec-1] Completed initialization in 1 ms
2025-06-26 10:17:06,966 INFO org.springframework.boot.StartupInfoLogger [main] Starting SimpleSpringMock using Java 17.0.0.1 on NB36-464 with PID 89600 (C:\Users\iavgustin\JR\SimpleSpringMock\target\classes started by iavgustin in C:\Users\iavgustin\JR\SimpleSpringMock)
2025-06-26 10:17:06,970 INFO org.springframework.boot.SpringApplication [main] No active profile set, falling back to 1 default profile: "default"
2025-06-26 10:17:08,014 INFO org.springframework.boot.web.embedded.tomcat.TomcatWebServer [main] Tomcat initialized with port(s): 12222 (http)
2025-06-26 10:17:08,023 INFO org.apache.juli.logging.DirectJDKLog [main] Initializing ProtocolHandler ["http-nio-12222"]
2025-06-26 10:17:08,024 INFO org.apache.juli.logging.DirectJDKLog [main] Starting service [Tomcat]
2025-06-26 10:17:08,025 INFO org.apache.juli.logging.DirectJDKLog [main] Starting Servlet engine: [Apache Tomcat/9.0.63]
2025-06-26 10:17:08,109 INFO org.apache.juli.logging.DirectJDKLog [main] Initializing Spring embedded WebApplicationContext
2025-06-26 10:17:08,109 INFO org.springframework.boot.web.servlet.context.ServletWebServerApplicationContext [main] Root WebApplicationContext: initialization completed in 1073 ms
2025-06-26 10:17:08,917 INFO org.springframework.boot.actuate.endpoint.web.EndpointLinksResolver [main] Exposing 4 endpoint(s) beneath base path '/actuator'
2025-06-26 10:17:08,946 INFO org.apache.juli.logging.DirectJDKLog [main] Starting ProtocolHandler ["http-nio-12222"]
2025-06-26 10:17:08,978 INFO org.springframework.boot.web.embedded.tomcat.TomcatWebServer [main] Tomcat started on port(s): 12222 (http) with context path ''
2025-06-26 10:17:08,995 INFO org.springframework.boot.StartupInfoLogger [main] Started SimpleSpringMock in 2.456 seconds (JVM running for 2.735)
2025-06-26 10:17:20,077 INFO org.apache.juli.logging.DirectJDKLog [http-nio-12222-exec-1] Initializing Spring DispatcherServlet 'dispatcherServlet'
2025-06-26 10:17:20,078 INFO org.springframework.web.servlet.FrameworkServlet [http-nio-12222-exec-1] Initializing Servlet 'dispatcherServlet'
2025-06-26 10:17:20,079 INFO org.springframework.web.servlet.FrameworkServlet [http-nio-12222-exec-1] Completed initialization in 1 ms
2025-06-26 10:29:33,956 INFO org.springframework.boot.StartupInfoLogger [main] Starting SimpleSpringMock using Java 17.0.0.1 on NB36-464 with PID 65428 (C:\Users\iavgustin\JR\SimpleSpringMock\target\classes started by iavgustin in C:\Users\iavgustin\JR\SimpleSpringMock)
2025-06-26 10:29:33,963 INFO org.springframework.boot.SpringApplication [main] No active profile set, falling back to 1 default profile: "default"
2025-06-26 10:29:35,079 INFO org.springframework.boot.web.embedded.tomcat.TomcatWebServer [main] Tomcat initialized with port(s): 12222 (http)
2025-06-26 10:29:35,088 INFO org.apache.juli.logging.DirectJDKLog [main] Initializing ProtocolHandler ["http-nio-12222"]
2025-06-26 10:29:35,089 INFO org.apache.juli.logging.DirectJDKLog [main] Starting service [Tomcat]
2025-06-26 10:29:35,089 INFO org.apache.juli.logging.DirectJDKLog [main] Starting Servlet engine: [Apache Tomcat/9.0.63]
2025-06-26 10:29:35,179 INFO org.apache.juli.logging.DirectJDKLog [main] Initializing Spring embedded WebApplicationContext
2025-06-26 10:29:35,179 INFO org.springframework.boot.web.servlet.context.ServletWebServerApplicationContext [main] Root WebApplicationContext: initialization completed in 1150 ms
2025-06-26 10:29:35,999 INFO org.springframework.boot.actuate.endpoint.web.EndpointLinksResolver [main] Exposing 4 endpoint(s) beneath base path '/actuator'
2025-06-26 10:29:36,027 INFO org.apache.juli.logging.DirectJDKLog [main] Starting ProtocolHandler ["http-nio-12222"]
2025-06-26 10:29:36,051 INFO org.springframework.boot.web.embedded.tomcat.TomcatWebServer [main] Tomcat started on port(s): 12222 (http) with context path ''
2025-06-26 10:29:36,062 INFO org.springframework.boot.StartupInfoLogger [main] Started SimpleSpringMock in 2.521 seconds (JVM running for 2.78)
2025-06-26 10:29:50,077 INFO org.apache.juli.logging.DirectJDKLog [http-nio-12222-exec-1] Initializing Spring DispatcherServlet 'dispatcherServlet'
2025-06-26 10:29:50,077 INFO org.springframework.web.servlet.FrameworkServlet [http-nio-12222-exec-1] Initializing Servlet 'dispatcherServlet'
2025-06-26 10:29:50,078 INFO org.springframework.web.servlet.FrameworkServlet [http-nio-12222-exec-1] Completed initialization in 0 ms
