2025-07-09 16:15:48,120 INFO org.springframework.boot.StartupInfoLogger [main] Starting SimpleSpringMock using Java 17.0.0.1 on NB36-464 with PID 15948 (C:\Users\iavgustin\JR\SimpleSpringMock\target\classes started by iavgustin in C:\Users\iavgustin\JR\SimpleSpringMock)
2025-07-09 16:15:48,136 INFO org.springframework.boot.SpringApplication [main] No active profile set, falling back to 1 default profile: "default"
2025-07-09 16:15:49,216 INFO org.springframework.boot.web.embedded.tomcat.TomcatWebServer [main] Tomcat initialized with port(s): 12222 (http)
2025-07-09 16:15:49,232 INFO org.apache.juli.logging.DirectJDKLog [main] Initializing ProtocolHandler ["http-nio-12222"]
2025-07-09 16:15:49,232 INFO org.apache.juli.logging.DirectJDKLog [main] Starting service [Tomcat]
2025-07-09 16:15:49,232 INFO org.apache.juli.logging.DirectJDKLog [main] Starting Servlet engine: [Apache Tomcat/9.0.63]
2025-07-09 16:15:49,311 INFO org.apache.juli.logging.DirectJDKLog [main] Initializing Spring embedded WebApplicationContext
2025-07-09 16:15:49,311 INFO org.springframework.boot.web.servlet.context.ServletWebServerApplicationContext [main] Root WebApplicationContext: initialization completed in 1117 ms
2025-07-09 16:15:49,879 INFO org.springframework.boot.actuate.endpoint.web.EndpointLinksResolver [main] Exposing 3 endpoint(s) beneath base path '/actuator'
2025-07-09 16:15:49,905 INFO org.apache.juli.logging.DirectJDKLog [main] Starting ProtocolHandler ["http-nio-12222"]
2025-07-09 16:15:49,931 INFO org.springframework.boot.web.embedded.tomcat.TomcatWebServer [main] Tomcat started on port(s): 12222 (http) with context path ''
2025-07-09 16:15:49,941 INFO org.springframework.boot.StartupInfoLogger [main] Started SimpleSpringMock in 2.26 seconds (JVM running for 2.67)
2025-07-09 16:16:10,701 INFO org.apache.juli.logging.DirectJDKLog [http-nio-12222-exec-1] Initializing Spring DispatcherServlet 'dispatcherServlet'
2025-07-09 16:16:10,701 INFO org.springframework.web.servlet.FrameworkServlet [http-nio-12222-exec-1] Initializing Servlet 'dispatcherServlet'
2025-07-09 16:16:10,701 INFO org.springframework.web.servlet.FrameworkServlet [http-nio-12222-exec-1] Completed initialization in 0 ms
2025-07-09 16:24:49,645 INFO org.springframework.boot.StartupInfoLogger [main] Starting SimpleSpringMock using Java 17.0.0.1 on NB36-464 with PID 63424 (C:\Users\iavgustin\JR\SimpleSpringMock\target\classes started by iavgustin in C:\Users\iavgustin\JR\SimpleSpringMock)
2025-07-09 16:24:49,661 INFO org.springframework.boot.SpringApplication [main] No active profile set, falling back to 1 default profile: "default"
2025-07-09 16:24:50,808 INFO org.springframework.boot.web.embedded.tomcat.TomcatWebServer [main] Tomcat initialized with port(s): 12222 (http)
2025-07-09 16:24:50,950 INFO org.apache.juli.logging.DirectJDKLog [main] Initializing ProtocolHandler ["http-nio-12222"]
2025-07-09 16:24:50,966 INFO org.apache.juli.logging.DirectJDKLog [main] Starting service [Tomcat]
2025-07-09 16:24:50,966 INFO org.apache.juli.logging.DirectJDKLog [main] Starting Servlet engine: [Apache Tomcat/9.0.63]
2025-07-09 16:24:51,087 INFO org.apache.juli.logging.DirectJDKLog [main] Initializing Spring embedded WebApplicationContext
2025-07-09 16:24:51,092 INFO org.springframework.boot.web.servlet.context.ServletWebServerApplicationContext [main] Root WebApplicationContext: initialization completed in 1369 ms
2025-07-09 16:24:51,886 INFO org.springframework.boot.actuate.endpoint.web.EndpointLinksResolver [main] Exposing 3 endpoint(s) beneath base path '/actuator'
2025-07-09 16:24:51,897 INFO org.apache.juli.logging.DirectJDKLog [main] Starting ProtocolHandler ["http-nio-12222"]
2025-07-09 16:24:51,938 INFO org.springframework.boot.web.embedded.tomcat.TomcatWebServer [main] Tomcat started on port(s): 12222 (http) with context path ''
2025-07-09 16:24:51,945 INFO org.springframework.boot.StartupInfoLogger [main] Started SimpleSpringMock in 2.723 seconds (JVM running for 3.012)
2025-07-09 16:25:05,153 INFO org.apache.juli.logging.DirectJDKLog [http-nio-12222-exec-1] Initializing Spring DispatcherServlet 'dispatcherServlet'
2025-07-09 16:25:05,153 INFO org.springframework.web.servlet.FrameworkServlet [http-nio-12222-exec-1] Initializing Servlet 'dispatcherServlet'
2025-07-09 16:25:05,169 INFO org.springframework.web.servlet.FrameworkServlet [http-nio-12222-exec-1] Completed initialization in 0 ms
2025-07-09 16:26:59,652 INFO org.springframework.boot.StartupInfoLogger [main] Starting SimpleSpringMock using Java 17.0.0.1 on NB36-464 with PID 50332 (C:\Users\iavgustin\JR\SimpleSpringMock\target\classes started by iavgustin in C:\Users\iavgustin\JR\SimpleSpringMock)
2025-07-09 16:26:59,652 INFO org.springframework.boot.SpringApplication [main] No active profile set, falling back to 1 default profile: "default"
2025-07-09 16:27:00,830 INFO org.springframework.boot.web.embedded.tomcat.TomcatWebServer [main] Tomcat initialized with port(s): 12222 (http)
2025-07-09 16:27:00,969 INFO org.apache.juli.logging.DirectJDKLog [main] Initializing ProtocolHandler ["http-nio-12222"]
2025-07-09 16:27:00,969 INFO org.apache.juli.logging.DirectJDKLog [main] Starting service [Tomcat]
2025-07-09 16:27:00,969 INFO org.apache.juli.logging.DirectJDKLog [main] Starting Servlet engine: [Apache Tomcat/9.0.63]
2025-07-09 16:27:01,104 INFO org.apache.juli.logging.DirectJDKLog [main] Initializing Spring embedded WebApplicationContext
2025-07-09 16:27:01,111 INFO org.springframework.boot.web.servlet.context.ServletWebServerApplicationContext [main] Root WebApplicationContext: initialization completed in 1397 ms
2025-07-09 16:27:01,820 INFO org.springframework.boot.actuate.endpoint.web.EndpointLinksResolver [main] Exposing 3 endpoint(s) beneath base path '/actuator'
2025-07-09 16:27:01,851 INFO org.apache.juli.logging.DirectJDKLog [main] Starting ProtocolHandler ["http-nio-12222"]
2025-07-09 16:27:01,872 INFO org.springframework.boot.web.embedded.tomcat.TomcatWebServer [main] Tomcat started on port(s): 12222 (http) with context path ''
2025-07-09 16:27:01,883 INFO org.springframework.boot.StartupInfoLogger [main] Started SimpleSpringMock in 2.66 seconds (JVM running for 2.893)
2025-07-09 16:27:05,174 INFO org.apache.juli.logging.DirectJDKLog [http-nio-12222-exec-1] Initializing Spring DispatcherServlet 'dispatcherServlet'
2025-07-09 16:27:05,174 INFO org.springframework.web.servlet.FrameworkServlet [http-nio-12222-exec-1] Initializing Servlet 'dispatcherServlet'
2025-07-09 16:27:05,174 INFO org.springframework.web.servlet.FrameworkServlet [http-nio-12222-exec-1] Completed initialization in 0 ms
2025-07-09 18:15:19,535 INFO org.springframework.boot.StartupInfoLogger [main] Starting SimpleSpringMock using Java 17.0.0.1 on NB36-464 with PID 41860 (C:\Users\iavgustin\JR\SimpleSpringMock\target\classes started by iavgustin in C:\Users\iavgustin\JR\SimpleSpringMock)
2025-07-09 18:15:19,538 INFO org.springframework.boot.SpringApplication [main] No active profile set, falling back to 1 default profile: "default"
2025-07-09 18:15:20,816 INFO org.springframework.boot.web.embedded.tomcat.TomcatWebServer [main] Tomcat initialized with port(s): 12222 (http)
2025-07-09 18:15:20,958 INFO org.apache.juli.logging.DirectJDKLog [main] Initializing ProtocolHandler ["http-nio-12222"]
2025-07-09 18:15:20,973 INFO org.apache.juli.logging.DirectJDKLog [main] Starting service [Tomcat]
2025-07-09 18:15:20,982 INFO org.apache.juli.logging.DirectJDKLog [main] Starting Servlet engine: [Apache Tomcat/9.0.63]
2025-07-09 18:15:21,100 INFO org.apache.juli.logging.DirectJDKLog [main] Initializing Spring embedded WebApplicationContext
2025-07-09 18:15:21,100 INFO org.springframework.boot.web.servlet.context.ServletWebServerApplicationContext [main] Root WebApplicationContext: initialization completed in 1492 ms
2025-07-09 18:15:21,868 INFO org.springframework.boot.actuate.endpoint.web.EndpointLinksResolver [main] Exposing 3 endpoint(s) beneath base path '/actuator'
2025-07-09 18:15:21,900 INFO org.apache.juli.logging.DirectJDKLog [main] Starting ProtocolHandler ["http-nio-12222"]
2025-07-09 18:15:21,924 INFO org.springframework.boot.web.embedded.tomcat.TomcatWebServer [main] Tomcat started on port(s): 12222 (http) with context path ''
2025-07-09 18:15:21,942 INFO org.springframework.boot.StartupInfoLogger [main] Started SimpleSpringMock in 2.964 seconds (JVM running for 3.348)
2025-07-09 18:15:35,196 INFO org.apache.juli.logging.DirectJDKLog [http-nio-12222-exec-1] Initializing Spring DispatcherServlet 'dispatcherServlet'
2025-07-09 18:15:35,196 INFO org.springframework.web.servlet.FrameworkServlet [http-nio-12222-exec-1] Initializing Servlet 'dispatcherServlet'
2025-07-09 18:15:35,196 INFO org.springframework.web.servlet.FrameworkServlet [http-nio-12222-exec-1] Completed initialization in 0 ms
2025-07-09 20:23:04,025 INFO org.springframework.boot.StartupInfoLogger [main] Starting SimpleSpringMock v1.0-SNAPSHOT using Java 17.0.0.1 on NB36-464 with PID 17068 (C:\Users\iavgustin\JR\SimpleSpringMock\target\SimpleSpringMock-1.0-SNAPSHOT.jar started by iavgustin in C:\Users\iavgustin\JR\SimpleSpringMock)
2025-07-09 20:23:04,035 INFO org.springframework.boot.SpringApplication [main] No active profile set, falling back to 1 default profile: "default"
2025-07-09 20:23:05,143 INFO org.springframework.boot.web.embedded.tomcat.TomcatWebServer [main] Tomcat initialized with port(s): 12222 (http)
2025-07-09 20:23:05,331 INFO org.apache.juli.logging.DirectJDKLog [main] Initializing ProtocolHandler ["http-nio-12222"]
2025-07-09 20:23:05,334 INFO org.apache.juli.logging.DirectJDKLog [main] Starting service [Tomcat]
2025-07-09 20:23:05,350 INFO org.apache.juli.logging.DirectJDKLog [main] Starting Servlet engine: [Apache Tomcat/9.0.63]
2025-07-09 20:23:05,447 INFO org.apache.juli.logging.DirectJDKLog [main] Initializing Spring embedded WebApplicationContext
2025-07-09 20:23:05,447 INFO org.springframework.boot.web.servlet.context.ServletWebServerApplicationContext [main] Root WebApplicationContext: initialization completed in 1343 ms
2025-07-09 20:23:06,392 INFO org.springframework.boot.actuate.endpoint.web.EndpointLinksResolver [main] Exposing 3 endpoint(s) beneath base path '/actuator'
2025-07-09 20:23:06,413 INFO org.apache.juli.logging.DirectJDKLog [main] Starting ProtocolHandler ["http-nio-12222"]
2025-07-09 20:23:06,480 INFO org.springframework.boot.web.embedded.tomcat.TomcatWebServer [main] Tomcat started on port(s): 12222 (http) with context path ''
2025-07-09 20:23:06,492 INFO org.springframework.boot.StartupInfoLogger [main] Started SimpleSpringMock in 3.007 seconds (JVM running for 3.355)
2025-07-09 20:23:20,212 INFO org.apache.juli.logging.DirectJDKLog [http-nio-12222-exec-1] Initializing Spring DispatcherServlet 'dispatcherServlet'
2025-07-09 20:23:20,212 INFO org.springframework.web.servlet.FrameworkServlet [http-nio-12222-exec-1] Initializing Servlet 'dispatcherServlet'
2025-07-09 20:23:20,212 INFO org.springframework.web.servlet.FrameworkServlet [http-nio-12222-exec-1] Completed initialization in 0 ms
2025-07-09 20:23:53,600 INFO org.springframework.boot.StartupInfoLogger [main] Starting SimpleSpringMock v1.0-SNAPSHOT using Java 17.0.0.1 on NB36-464 with PID 62788 (C:\Users\iavgustin\JR\SimpleSpringMock\target\SimpleSpringMock-1.0-SNAPSHOT.jar started by iavgustin in C:\Users\iavgustin\JR\SimpleSpringMock)
2025-07-09 20:23:53,600 INFO org.springframework.boot.SpringApplication [main] No active profile set, falling back to 1 default profile: "default"
2025-07-09 20:23:54,770 INFO org.springframework.boot.web.embedded.tomcat.TomcatWebServer [main] Tomcat initialized with port(s): 12222 (http)
2025-07-09 20:23:54,963 INFO org.apache.juli.logging.DirectJDKLog [main] Initializing ProtocolHandler ["http-nio-12222"]
2025-07-09 20:23:54,976 INFO org.apache.juli.logging.DirectJDKLog [main] Starting service [Tomcat]
2025-07-09 20:23:54,976 INFO org.apache.juli.logging.DirectJDKLog [main] Starting Servlet engine: [Apache Tomcat/9.0.63]
2025-07-09 20:23:55,085 INFO org.apache.juli.logging.DirectJDKLog [main] Initializing Spring embedded WebApplicationContext
2025-07-09 20:23:55,085 INFO org.springframework.boot.web.servlet.context.ServletWebServerApplicationContext [main] Root WebApplicationContext: initialization completed in 1414 ms
2025-07-09 20:23:56,003 INFO org.springframework.boot.actuate.endpoint.web.EndpointLinksResolver [main] Exposing 3 endpoint(s) beneath base path '/actuator'
2025-07-09 20:23:56,035 INFO org.apache.juli.logging.DirectJDKLog [main] Starting ProtocolHandler ["http-nio-12222"]
2025-07-09 20:23:56,098 INFO org.springframework.boot.web.embedded.tomcat.TomcatWebServer [main] Tomcat started on port(s): 12222 (http) with context path ''
2025-07-09 20:23:56,114 INFO org.springframework.boot.StartupInfoLogger [main] Started SimpleSpringMock in 3.068 seconds (JVM running for 3.398)
2025-07-09 20:24:05,222 INFO org.apache.juli.logging.DirectJDKLog [http-nio-12222-exec-1] Initializing Spring DispatcherServlet 'dispatcherServlet'
2025-07-09 20:24:05,222 INFO org.springframework.web.servlet.FrameworkServlet [http-nio-12222-exec-1] Initializing Servlet 'dispatcherServlet'
2025-07-09 20:24:05,227 INFO org.springframework.web.servlet.FrameworkServlet [http-nio-12222-exec-1] Completed initialization in 5 ms
