2025-06-25 11:15:33,348 INFO org.springframework.boot.StartupInfoLogger [main] Starting SimpleSpringMock using Java 17.0.0.1 on NB36-464 with PID 26072 (C:\Users\iavgustin\JR\SimpleSpringMock\target\classes started by iavgustin in C:\Users\iavgustin\JR\SimpleSpringMock)
2025-06-25 11:15:33,348 INFO org.springframework.boot.SpringApplication [main] No active profile set, falling back to 1 default profile: "default"
2025-06-25 11:15:34,400 INFO org.springframework.boot.web.embedded.tomcat.TomcatWebServer [main] Tomcat initialized with port(s): 12222 (http)
2025-06-25 11:15:34,410 INFO org.apache.juli.logging.DirectJDKLog [main] Initializing ProtocolHandler ["http-nio-12222"]
2025-06-25 11:15:34,414 INFO org.apache.juli.logging.DirectJDKLog [main] Starting service [Tomcat]
2025-06-25 11:15:34,414 INFO org.apache.juli.logging.DirectJDKLog [main] Starting Servlet engine: [Apache Tomcat/9.0.63]
2025-06-25 11:15:34,504 INFO org.apache.juli.logging.DirectJDKLog [main] Initializing Spring embedded WebApplicationContext
2025-06-25 11:15:34,504 INFO org.springframework.boot.web.servlet.context.ServletWebServerApplicationContext [main] Root WebApplicationContext: initialization completed in 1090 ms
2025-06-25 11:15:35,099 INFO org.springframework.boot.actuate.endpoint.web.EndpointLinksResolver [main] Exposing 3 endpoint(s) beneath base path '/actuator'
2025-06-25 11:15:35,125 INFO org.apache.juli.logging.DirectJDKLog [main] Starting ProtocolHandler ["http-nio-12222"]
2025-06-25 11:15:35,148 INFO org.springframework.boot.web.embedded.tomcat.TomcatWebServer [main] Tomcat started on port(s): 12222 (http) with context path ''
2025-06-25 11:15:35,159 INFO org.springframework.boot.StartupInfoLogger [main] Started SimpleSpringMock in 2.284 seconds (JVM running for 2.548)
2025-06-25 11:15:50,042 INFO org.apache.juli.logging.DirectJDKLog [http-nio-12222-exec-1] Initializing Spring DispatcherServlet 'dispatcherServlet'
2025-06-25 11:15:50,042 INFO org.springframework.web.servlet.FrameworkServlet [http-nio-12222-exec-1] Initializing Servlet 'dispatcherServlet'
2025-06-25 11:15:50,058 INFO org.springframework.web.servlet.FrameworkServlet [http-nio-12222-exec-1] Completed initialization in 0 ms
2025-06-25 11:16:02,303 INFO org.springframework.boot.StartupInfoLogger [main] Starting SimpleSpringMock using Java 17.0.0.1 on NB36-464 with PID 27244 (C:\Users\iavgustin\JR\SimpleSpringMock\target\classes started by iavgustin in C:\Users\iavgustin\JR\SimpleSpringMock)
2025-06-25 11:16:02,311 INFO org.springframework.boot.SpringApplication [main] No active profile set, falling back to 1 default profile: "default"
2025-06-25 11:16:03,305 INFO org.springframework.boot.web.embedded.tomcat.TomcatWebServer [main] Tomcat initialized with port(s): 12222 (http)
2025-06-25 11:16:03,321 INFO org.apache.juli.logging.DirectJDKLog [main] Initializing ProtocolHandler ["http-nio-12222"]
2025-06-25 11:16:03,321 INFO org.apache.juli.logging.DirectJDKLog [main] Starting service [Tomcat]
2025-06-25 11:16:03,321 INFO org.apache.juli.logging.DirectJDKLog [main] Starting Servlet engine: [Apache Tomcat/9.0.63]
2025-06-25 11:16:03,399 INFO org.apache.juli.logging.DirectJDKLog [main] Initializing Spring embedded WebApplicationContext
2025-06-25 11:16:03,399 INFO org.springframework.boot.web.servlet.context.ServletWebServerApplicationContext [main] Root WebApplicationContext: initialization completed in 1023 ms
2025-06-25 11:16:03,930 INFO org.springframework.boot.actuate.endpoint.web.EndpointLinksResolver [main] Exposing 3 endpoint(s) beneath base path '/actuator'
2025-06-25 11:16:03,946 INFO org.apache.juli.logging.DirectJDKLog [main] Starting ProtocolHandler ["http-nio-12222"]
2025-06-25 11:16:03,978 INFO org.springframework.boot.web.embedded.tomcat.TomcatWebServer [main] Tomcat started on port(s): 12222 (http) with context path ''
2025-06-25 11:16:03,993 INFO org.springframework.boot.StartupInfoLogger [main] Started SimpleSpringMock in 2.177 seconds (JVM running for 2.466)
2025-06-25 11:16:05,043 INFO org.apache.juli.logging.DirectJDKLog [http-nio-12222-exec-2] Initializing Spring DispatcherServlet 'dispatcherServlet'
2025-06-25 11:16:05,043 INFO org.springframework.web.servlet.FrameworkServlet [http-nio-12222-exec-2] Initializing Servlet 'dispatcherServlet'
2025-06-25 11:16:05,043 INFO org.springframework.web.servlet.FrameworkServlet [http-nio-12222-exec-2] Completed initialization in 0 ms
2025-06-25 11:28:49,200 INFO org.springframework.boot.StartupInfoLogger [main] Starting SimpleSpringMock using Java 17.0.0.1 on NB36-464 with PID 19840 (C:\Users\iavgustin\JR\SimpleSpringMock\target\classes started by iavgustin in C:\Users\iavgustin\JR\SimpleSpringMock)
2025-06-25 11:28:49,204 INFO org.springframework.boot.SpringApplication [main] No active profile set, falling back to 1 default profile: "default"
2025-06-25 11:28:50,237 INFO org.springframework.boot.web.embedded.tomcat.TomcatWebServer [main] Tomcat initialized with port(s): 12222 (http)
2025-06-25 11:28:50,243 INFO org.apache.juli.logging.DirectJDKLog [main] Initializing ProtocolHandler ["http-nio-12222"]
2025-06-25 11:28:50,244 INFO org.apache.juli.logging.DirectJDKLog [main] Starting service [Tomcat]
2025-06-25 11:28:50,244 INFO org.apache.juli.logging.DirectJDKLog [main] Starting Servlet engine: [Apache Tomcat/9.0.63]
2025-06-25 11:28:50,324 INFO org.apache.juli.logging.DirectJDKLog [main] Initializing Spring embedded WebApplicationContext
2025-06-25 11:28:50,324 INFO org.springframework.boot.web.servlet.context.ServletWebServerApplicationContext [main] Root WebApplicationContext: initialization completed in 1052 ms
2025-06-25 11:28:51,048 INFO org.springframework.boot.actuate.endpoint.web.EndpointLinksResolver [main] Exposing 3 endpoint(s) beneath base path '/actuator'
2025-06-25 11:28:51,064 INFO org.apache.juli.logging.DirectJDKLog [main] Starting ProtocolHandler ["http-nio-12222"]
2025-06-25 11:28:51,095 INFO org.springframework.boot.web.embedded.tomcat.TomcatWebServer [main] Tomcat started on port(s): 12222 (http) with context path ''
2025-06-25 11:28:51,095 INFO org.springframework.boot.StartupInfoLogger [main] Started SimpleSpringMock in 2.29 seconds (JVM running for 2.536)
2025-06-25 11:29:03,087 INFO org.apache.juli.logging.DirectJDKLog [http-nio-12222-exec-117] Initializing Spring DispatcherServlet 'dispatcherServlet'
2025-06-25 11:29:03,088 INFO org.springframework.web.servlet.FrameworkServlet [http-nio-12222-exec-117] Initializing Servlet 'dispatcherServlet'
2025-06-25 11:29:03,089 INFO org.springframework.web.servlet.FrameworkServlet [http-nio-12222-exec-117] Completed initialization in 1 ms
2025-06-25 11:43:03,013 INFO org.springframework.boot.StartupInfoLogger [main] Starting SimpleSpringMock using Java 17.0.0.1 on NB36-464 with PID 3524 (C:\Users\iavgustin\JR\SimpleSpringMock\target\classes started by iavgustin in C:\Users\iavgustin\JR\SimpleSpringMock)
2025-06-25 11:43:03,013 INFO org.springframework.boot.SpringApplication [main] No active profile set, falling back to 1 default profile: "default"
2025-06-25 11:43:04,200 INFO org.springframework.boot.web.embedded.tomcat.TomcatWebServer [main] Tomcat initialized with port(s): 12222 (http)
2025-06-25 11:43:04,200 INFO org.apache.juli.logging.DirectJDKLog [main] Initializing ProtocolHandler ["http-nio-12222"]
2025-06-25 11:43:04,200 INFO org.apache.juli.logging.DirectJDKLog [main] Starting service [Tomcat]
2025-06-25 11:43:04,200 INFO org.apache.juli.logging.DirectJDKLog [main] Starting Servlet engine: [Apache Tomcat/9.0.63]
2025-06-25 11:43:04,285 INFO org.apache.juli.logging.DirectJDKLog [main] Initializing Spring embedded WebApplicationContext
2025-06-25 11:43:04,285 INFO org.springframework.boot.web.servlet.context.ServletWebServerApplicationContext [main] Root WebApplicationContext: initialization completed in 1221 ms
2025-06-25 11:43:04,992 INFO org.springframework.boot.actuate.endpoint.web.EndpointLinksResolver [main] Exposing 3 endpoint(s) beneath base path '/actuator'
2025-06-25 11:43:05,022 INFO org.apache.juli.logging.DirectJDKLog [main] Starting ProtocolHandler ["http-nio-12222"]
2025-06-25 11:43:05,056 INFO org.springframework.boot.web.embedded.tomcat.TomcatWebServer [main] Tomcat started on port(s): 12222 (http) with context path ''
2025-06-25 11:43:05,071 INFO org.springframework.boot.StartupInfoLogger [main] Started SimpleSpringMock in 2.409 seconds (JVM running for 2.633)
2025-06-25 11:43:20,040 INFO org.apache.juli.logging.DirectJDKLog [http-nio-12222-exec-1] Initializing Spring DispatcherServlet 'dispatcherServlet'
2025-06-25 11:43:20,040 INFO org.springframework.web.servlet.FrameworkServlet [http-nio-12222-exec-1] Initializing Servlet 'dispatcherServlet'
2025-06-25 11:43:20,040 INFO org.springframework.web.servlet.FrameworkServlet [http-nio-12222-exec-1] Completed initialization in 0 ms
2025-06-25 11:44:58,809 INFO org.springframework.boot.StartupInfoLogger [main] Starting SimpleSpringMock using Java 17.0.0.1 on NB36-464 with PID 23568 (C:\Users\iavgustin\JR\SimpleSpringMock\target\classes started by iavgustin in C:\Users\iavgustin\JR\SimpleSpringMock)
2025-06-25 11:44:58,813 INFO org.springframework.boot.SpringApplication [main] No active profile set, falling back to 1 default profile: "default"
2025-06-25 11:44:59,916 INFO org.springframework.boot.web.embedded.tomcat.TomcatWebServer [main] Tomcat initialized with port(s): 12222 (http)
2025-06-25 11:44:59,924 INFO org.apache.juli.logging.DirectJDKLog [main] Initializing ProtocolHandler ["http-nio-12222"]
2025-06-25 11:44:59,924 INFO org.apache.juli.logging.DirectJDKLog [main] Starting service [Tomcat]
2025-06-25 11:44:59,924 INFO org.apache.juli.logging.DirectJDKLog [main] Starting Servlet engine: [Apache Tomcat/9.0.63]
2025-06-25 11:45:00,033 INFO org.apache.juli.logging.DirectJDKLog [main] Initializing Spring embedded WebApplicationContext
2025-06-25 11:45:00,033 INFO org.springframework.boot.web.servlet.context.ServletWebServerApplicationContext [main] Root WebApplicationContext: initialization completed in 1171 ms
2025-06-25 11:45:00,748 INFO org.springframework.boot.actuate.endpoint.web.EndpointLinksResolver [main] Exposing 3 endpoint(s) beneath base path '/actuator'
2025-06-25 11:45:00,760 INFO org.apache.juli.logging.DirectJDKLog [main] Starting ProtocolHandler ["http-nio-12222"]
2025-06-25 11:45:00,781 INFO org.springframework.boot.web.embedded.tomcat.TomcatWebServer [main] Tomcat started on port(s): 12222 (http) with context path ''
2025-06-25 11:45:00,791 INFO org.springframework.boot.StartupInfoLogger [main] Started SimpleSpringMock in 2.391 seconds (JVM running for 2.672)
2025-06-25 11:45:05,034 INFO org.apache.juli.logging.DirectJDKLog [http-nio-12222-exec-1] Initializing Spring DispatcherServlet 'dispatcherServlet'
2025-06-25 11:45:05,034 INFO org.springframework.web.servlet.FrameworkServlet [http-nio-12222-exec-1] Initializing Servlet 'dispatcherServlet'
2025-06-25 11:45:05,037 INFO org.springframework.web.servlet.FrameworkServlet [http-nio-12222-exec-1] Completed initialization in 3 ms
2025-06-25 13:58:57,042 INFO org.springframework.boot.StartupInfoLogger [main] Starting SimpleSpringMock using Java 17.0.0.1 on NB36-464 with PID 97760 (C:\Users\iavgustin\JR\SimpleSpringMock\target\classes started by iavgustin in C:\Users\iavgustin\JR\SimpleSpringMock)
2025-06-25 13:58:57,047 INFO org.springframework.boot.SpringApplication [main] No active profile set, falling back to 1 default profile: "default"
2025-06-25 13:58:58,210 INFO org.springframework.boot.web.embedded.tomcat.TomcatWebServer [main] Tomcat initialized with port(s): 12222 (http)
2025-06-25 13:58:58,219 INFO org.apache.juli.logging.DirectJDKLog [main] Initializing ProtocolHandler ["http-nio-12222"]
2025-06-25 13:58:58,220 INFO org.apache.juli.logging.DirectJDKLog [main] Starting service [Tomcat]
2025-06-25 13:58:58,221 INFO org.apache.juli.logging.DirectJDKLog [main] Starting Servlet engine: [Apache Tomcat/9.0.63]
2025-06-25 13:58:58,322 INFO org.apache.juli.logging.DirectJDKLog [main] Initializing Spring embedded WebApplicationContext
2025-06-25 13:58:58,323 INFO org.springframework.boot.web.servlet.context.ServletWebServerApplicationContext [main] Root WebApplicationContext: initialization completed in 1215 ms
2025-06-25 13:58:59,042 INFO org.springframework.boot.actuate.endpoint.web.EndpointLinksResolver [main] Exposing 3 endpoint(s) beneath base path '/actuator'
2025-06-25 13:58:59,066 INFO org.apache.juli.logging.DirectJDKLog [main] Starting ProtocolHandler ["http-nio-12222"]
2025-06-25 13:58:59,092 INFO org.springframework.boot.web.embedded.tomcat.TomcatWebServer [main] Tomcat started on port(s): 12222 (http) with context path ''
2025-06-25 13:58:59,107 INFO org.springframework.boot.StartupInfoLogger [main] Started SimpleSpringMock in 2.443 seconds (JVM running for 5.548)
2025-06-25 13:59:05,417 INFO org.springframework.boot.StartupInfoLogger [main] Starting SimpleSpringMock using Java 17.0.0.1 on NB36-464 with PID 97700 (C:\Users\iavgustin\JR\SimpleSpringMock\target\classes started by iavgustin in C:\Users\iavgustin\JR\SimpleSpringMock)
2025-06-25 13:59:05,421 INFO org.springframework.boot.SpringApplication [main] No active profile set, falling back to 1 default profile: "default"
2025-06-25 13:59:06,455 INFO org.springframework.boot.web.embedded.tomcat.TomcatWebServer [main] Tomcat initialized with port(s): 12222 (http)
2025-06-25 13:59:06,463 INFO org.apache.juli.logging.DirectJDKLog [main] Initializing ProtocolHandler ["http-nio-12222"]
2025-06-25 13:59:06,464 INFO org.apache.juli.logging.DirectJDKLog [main] Starting service [Tomcat]
2025-06-25 13:59:06,464 INFO org.apache.juli.logging.DirectJDKLog [main] Starting Servlet engine: [Apache Tomcat/9.0.63]
2025-06-25 13:59:06,556 INFO org.apache.juli.logging.DirectJDKLog [main] Initializing Spring embedded WebApplicationContext
2025-06-25 13:59:06,556 INFO org.springframework.boot.web.servlet.context.ServletWebServerApplicationContext [main] Root WebApplicationContext: initialization completed in 1079 ms
2025-06-25 13:59:07,375 INFO org.springframework.boot.actuate.endpoint.web.EndpointLinksResolver [main] Exposing 3 endpoint(s) beneath base path '/actuator'
2025-06-25 13:59:07,403 INFO org.apache.juli.logging.DirectJDKLog [main] Starting ProtocolHandler ["http-nio-12222"]
2025-06-25 13:59:07,427 INFO org.springframework.boot.web.embedded.tomcat.TomcatWebServer [main] Tomcat started on port(s): 12222 (http) with context path ''
2025-06-25 13:59:07,441 INFO org.springframework.boot.StartupInfoLogger [main] Started SimpleSpringMock in 2.431 seconds (JVM running for 2.709)
2025-06-25 13:59:12,796 INFO org.apache.juli.logging.DirectJDKLog [http-nio-12222-exec-1] Initializing Spring DispatcherServlet 'dispatcherServlet'
2025-06-25 13:59:12,796 INFO org.springframework.web.servlet.FrameworkServlet [http-nio-12222-exec-1] Initializing Servlet 'dispatcherServlet'
2025-06-25 13:59:12,798 INFO org.springframework.web.servlet.FrameworkServlet [http-nio-12222-exec-1] Completed initialization in 1 ms
2025-06-25 14:18:29,756 INFO org.springframework.boot.StartupInfoLogger [main] Starting SimpleSpringMock using Java 17.0.0.1 on NB36-464 with PID 120636 (C:\Users\iavgustin\JR\SimpleSpringMock\target\classes started by iavgustin in C:\Users\iavgustin\JR\SimpleSpringMock)
2025-06-25 14:18:29,759 INFO org.springframework.boot.SpringApplication [main] No active profile set, falling back to 1 default profile: "default"
2025-06-25 14:18:30,805 INFO org.springframework.boot.web.embedded.tomcat.TomcatWebServer [main] Tomcat initialized with port(s): 12222 (http)
2025-06-25 14:18:30,812 INFO org.apache.juli.logging.DirectJDKLog [main] Initializing ProtocolHandler ["http-nio-12222"]
2025-06-25 14:18:30,813 INFO org.apache.juli.logging.DirectJDKLog [main] Starting service [Tomcat]
2025-06-25 14:18:30,813 INFO org.apache.juli.logging.DirectJDKLog [main] Starting Servlet engine: [Apache Tomcat/9.0.63]
2025-06-25 14:18:30,904 INFO org.apache.juli.logging.DirectJDKLog [main] Initializing Spring embedded WebApplicationContext
2025-06-25 14:18:30,904 INFO org.springframework.boot.web.servlet.context.ServletWebServerApplicationContext [main] Root WebApplicationContext: initialization completed in 1084 ms
2025-06-25 14:18:31,623 INFO org.springframework.boot.actuate.endpoint.web.EndpointLinksResolver [main] Exposing 3 endpoint(s) beneath base path '/actuator'
2025-06-25 14:18:31,652 INFO org.apache.juli.logging.DirectJDKLog [main] Starting ProtocolHandler ["http-nio-12222"]
2025-06-25 14:18:31,674 INFO org.springframework.boot.web.embedded.tomcat.TomcatWebServer [main] Tomcat started on port(s): 12222 (http) with context path ''
2025-06-25 14:18:31,685 INFO org.springframework.boot.StartupInfoLogger [main] Started SimpleSpringMock in 2.312 seconds (JVM running for 2.58)
2025-06-25 14:18:35,053 INFO org.apache.juli.logging.DirectJDKLog [http-nio-12222-exec-1] Initializing Spring DispatcherServlet 'dispatcherServlet'
2025-06-25 14:18:35,053 INFO org.springframework.web.servlet.FrameworkServlet [http-nio-12222-exec-1] Initializing Servlet 'dispatcherServlet'
2025-06-25 14:18:35,054 INFO org.springframework.web.servlet.FrameworkServlet [http-nio-12222-exec-1] Completed initialization in 1 ms
2025-06-25 14:26:22,791 INFO org.springframework.boot.StartupInfoLogger [main] Starting SimpleSpringMock using Java 17.0.0.1 on NB36-464 with PID 33300 (C:\Users\iavgustin\JR\SimpleSpringMock\target\classes started by iavgustin in C:\Users\iavgustin\JR\SimpleSpringMock)
2025-06-25 14:26:22,794 INFO org.springframework.boot.SpringApplication [main] No active profile set, falling back to 1 default profile: "default"
2025-06-25 14:26:23,819 INFO org.springframework.boot.web.embedded.tomcat.TomcatWebServer [main] Tomcat initialized with port(s): 12222 (http)
2025-06-25 14:26:23,825 INFO org.apache.juli.logging.DirectJDKLog [main] Initializing ProtocolHandler ["http-nio-12222"]
2025-06-25 14:26:23,826 INFO org.apache.juli.logging.DirectJDKLog [main] Starting service [Tomcat]
2025-06-25 14:26:23,826 INFO org.apache.juli.logging.DirectJDKLog [main] Starting Servlet engine: [Apache Tomcat/9.0.63]
2025-06-25 14:26:23,898 INFO org.apache.juli.logging.DirectJDKLog [main] Initializing Spring embedded WebApplicationContext
2025-06-25 14:26:23,899 INFO org.springframework.boot.web.servlet.context.ServletWebServerApplicationContext [main] Root WebApplicationContext: initialization completed in 1055 ms
2025-06-25 14:26:24,773 INFO org.springframework.boot.actuate.endpoint.web.EndpointLinksResolver [main] Exposing 3 endpoint(s) beneath base path '/actuator'
2025-06-25 14:26:24,802 INFO org.apache.juli.logging.DirectJDKLog [main] Starting ProtocolHandler ["http-nio-12222"]
2025-06-25 14:26:24,829 INFO org.springframework.boot.web.embedded.tomcat.TomcatWebServer [main] Tomcat started on port(s): 12222 (http) with context path ''
2025-06-25 14:26:24,844 INFO org.springframework.boot.StartupInfoLogger [main] Started SimpleSpringMock in 2.431 seconds (JVM running for 2.676)
2025-06-25 14:26:35,048 INFO org.apache.juli.logging.DirectJDKLog [http-nio-12222-exec-1] Initializing Spring DispatcherServlet 'dispatcherServlet'
2025-06-25 14:26:35,048 INFO org.springframework.web.servlet.FrameworkServlet [http-nio-12222-exec-1] Initializing Servlet 'dispatcherServlet'
2025-06-25 14:26:35,049 INFO org.springframework.web.servlet.FrameworkServlet [http-nio-12222-exec-1] Completed initialization in 1 ms
2025-06-25 14:31:35,891 INFO org.springframework.boot.StartupInfoLogger [main] Starting SimpleSpringMock using Java 17.0.0.1 on NB36-464 with PID 129672 (C:\Users\iavgustin\JR\SimpleSpringMock\target\classes started by iavgustin in C:\Users\iavgustin\JR\SimpleSpringMock)
2025-06-25 14:31:35,896 INFO org.springframework.boot.SpringApplication [main] No active profile set, falling back to 1 default profile: "default"
2025-06-25 14:31:36,983 INFO org.springframework.boot.web.embedded.tomcat.TomcatWebServer [main] Tomcat initialized with port(s): 12222 (http)
2025-06-25 14:31:36,996 INFO org.apache.juli.logging.DirectJDKLog [main] Initializing ProtocolHandler ["http-nio-12222"]
2025-06-25 14:31:36,996 INFO org.apache.juli.logging.DirectJDKLog [main] Starting service [Tomcat]
2025-06-25 14:31:36,997 INFO org.apache.juli.logging.DirectJDKLog [main] Starting Servlet engine: [Apache Tomcat/9.0.63]
2025-06-25 14:31:37,078 INFO org.apache.juli.logging.DirectJDKLog [main] Initializing Spring embedded WebApplicationContext
2025-06-25 14:31:37,079 INFO org.springframework.boot.web.servlet.context.ServletWebServerApplicationContext [main] Root WebApplicationContext: initialization completed in 1119 ms
2025-06-25 14:31:37,727 INFO org.springframework.boot.actuate.endpoint.web.EndpointLinksResolver [main] Exposing 4 endpoint(s) beneath base path '/actuator'
2025-06-25 14:31:37,754 INFO org.apache.juli.logging.DirectJDKLog [main] Starting ProtocolHandler ["http-nio-12222"]
2025-06-25 14:31:37,778 INFO org.springframework.boot.web.embedded.tomcat.TomcatWebServer [main] Tomcat started on port(s): 12222 (http) with context path ''
2025-06-25 14:31:37,792 INFO org.springframework.boot.StartupInfoLogger [main] Started SimpleSpringMock in 2.342 seconds (JVM running for 2.628)
2025-06-25 14:31:50,043 INFO org.apache.juli.logging.DirectJDKLog [http-nio-12222-exec-1] Initializing Spring DispatcherServlet 'dispatcherServlet'
2025-06-25 14:31:50,043 INFO org.springframework.web.servlet.FrameworkServlet [http-nio-12222-exec-1] Initializing Servlet 'dispatcherServlet'
2025-06-25 14:31:50,044 INFO org.springframework.web.servlet.FrameworkServlet [http-nio-12222-exec-1] Completed initialization in 1 ms
2025-06-25 15:05:53,648 INFO org.springframework.boot.StartupInfoLogger [main] Starting SimpleSpringMock using Java 17.0.0.1 on NB36-464 with PID 60280 (C:\Users\iavgustin\JR\SimpleSpringMock\target\classes started by iavgustin in C:\Users\iavgustin\JR\SimpleSpringMock)
2025-06-25 15:05:53,653 INFO org.springframework.boot.SpringApplication [main] No active profile set, falling back to 1 default profile: "default"
2025-06-25 15:05:54,823 INFO org.springframework.boot.web.embedded.tomcat.TomcatWebServer [main] Tomcat initialized with port(s): 12222 (http)
2025-06-25 15:05:54,832 INFO org.apache.juli.logging.DirectJDKLog [main] Initializing ProtocolHandler ["http-nio-12222"]
2025-06-25 15:05:54,833 INFO org.apache.juli.logging.DirectJDKLog [main] Starting service [Tomcat]
2025-06-25 15:05:54,833 INFO org.apache.juli.logging.DirectJDKLog [main] Starting Servlet engine: [Apache Tomcat/9.0.63]
2025-06-25 15:05:54,914 INFO org.apache.juli.logging.DirectJDKLog [main] Initializing Spring embedded WebApplicationContext
2025-06-25 15:05:54,914 INFO org.springframework.boot.web.servlet.context.ServletWebServerApplicationContext [main] Root WebApplicationContext: initialization completed in 1201 ms
2025-06-25 15:05:55,650 INFO org.springframework.boot.actuate.endpoint.web.EndpointLinksResolver [main] Exposing 4 endpoint(s) beneath base path '/actuator'
2025-06-25 15:05:55,679 INFO org.apache.juli.logging.DirectJDKLog [main] Starting ProtocolHandler ["http-nio-12222"]
2025-06-25 15:05:55,706 INFO org.springframework.boot.web.embedded.tomcat.TomcatWebServer [main] Tomcat started on port(s): 12222 (http) with context path ''
2025-06-25 15:05:55,719 INFO org.springframework.boot.StartupInfoLogger [main] Started SimpleSpringMock in 2.472 seconds (JVM running for 2.709)
2025-06-25 15:06:00,831 INFO org.apache.juli.logging.DirectJDKLog [http-nio-12222-exec-68] Initializing Spring DispatcherServlet 'dispatcherServlet'
2025-06-25 15:06:00,831 INFO org.springframework.web.servlet.FrameworkServlet [http-nio-12222-exec-68] Initializing Servlet 'dispatcherServlet'
2025-06-25 15:06:00,832 INFO org.springframework.web.servlet.FrameworkServlet [http-nio-12222-exec-68] Completed initialization in 1 ms
